Copyright 1986-2016 Xilinx, Inc. All Rights Reserved.
---------------------------------------------------------------------------------------------------------------
| Tool Version : Vivado v.2016.2 (win64) Build 1577090 Thu Jun  2 16:32:40 MDT 2016
| Date         : Mon Jul 24 13:46:53 2017
| Host         : ACOZMA-L03 running 64-bit Service Pack 1  (build 7601)
| Command      : report_utilization -file system_top_utilization_synth.rpt -pb system_top_utilization_synth.pb
| Design       : system_top
| Device       : 7z035ifbg676-2L
| Design State : Synthesized
---------------------------------------------------------------------------------------------------------------

Utilization Design Information

Table of Contents
-----------------
1. Slice Logic
1.1 Summary of Registers by Type
2. Memory
3. DSP
4. IO and GT Specific
5. Clocking
6. Specific Feature
7. Primitives
8. Black Boxes
9. Instantiated Netlists

1. Slice Logic
--------------

+----------------------------+-------+-------+-----------+-------+
|          Site Type         |  Used | Fixed | Available | Util% |
+----------------------------+-------+-------+-----------+-------+
| Slice LUTs*                | 18763 |     0 |    171900 | 10.92 |
|   LUT as Logic             | 17585 |     0 |    171900 | 10.23 |
|   LUT as Memory            |  1178 |     0 |     70400 |  1.67 |
|     LUT as Distributed RAM |    84 |     0 |           |       |
|     LUT as Shift Register  |  1094 |     0 |           |       |
| Slice Registers            | 28807 |     0 |    343800 |  8.38 |
|   Register as Flip Flop    | 28807 |     0 |    343800 |  8.38 |
|   Register as Latch        |     0 |     0 |    343800 |  0.00 |
| F7 Muxes                   |   348 |     0 |    109300 |  0.32 |
| F8 Muxes                   |    42 |     0 |     54650 |  0.08 |
+----------------------------+-------+-------+-----------+-------+
* Warning! The Final LUT count, after physical optimizations and full implementation, is typically lower. Run opt_design after synthesis, if not already completed, for a more realistic count.


1.1 Summary of Registers by Type
--------------------------------

+-------+--------------+-------------+--------------+
| Total | Clock Enable | Synchronous | Asynchronous |
+-------+--------------+-------------+--------------+
| 0     |            _ |           - |            - |
| 0     |            _ |           - |          Set |
| 0     |            _ |           - |        Reset |
| 0     |            _ |         Set |            - |
| 0     |            _ |       Reset |            - |
| 0     |          Yes |           - |            - |
| 275   |          Yes |           - |          Set |
| 13301 |          Yes |           - |        Reset |
| 586   |          Yes |         Set |            - |
| 14645 |          Yes |       Reset |            - |
+-------+--------------+-------------+--------------+


2. Memory
---------

+-------------------+------+-------+-----------+-------+
|     Site Type     | Used | Fixed | Available | Util% |
+-------------------+------+-------+-----------+-------+
| Block RAM Tile    |    4 |     0 |       500 |  0.80 |
|   RAMB36/FIFO*    |    4 |     0 |       500 |  0.80 |
|     RAMB36E1 only |    4 |       |           |       |
|   RAMB18          |    0 |     0 |      1000 |  0.00 |
+-------------------+------+-------+-----------+-------+
* Note: Each Block RAM Tile only has one FIFO logic available and therefore can accommodate only one FIFO36E1 or one FIFO18E1. However, if a FIFO18E1 occupies a Block RAM Tile, that tile can still accommodate a RAMB18E1


3. DSP
------

+----------------+------+-------+-----------+-------+
|    Site Type   | Used | Fixed | Available | Util% |
+----------------+------+-------+-----------+-------+
| DSPs           |   63 |     0 |       900 |  7.00 |
|   DSP48E1 only |   63 |       |           |       |
+----------------+------+-------+-----------+-------+


4. IO and GT Specific
---------------------

+-----------------------------+------+-------+-----------+--------+
|          Site Type          | Used | Fixed | Available |  Util% |
+-----------------------------+------+-------+-----------+--------+
| Bonded IOB                  |  250 |     0 |       250 | 100.00 |
| Bonded IPADs                |   10 |     0 |        26 |  38.46 |
| Bonded OPADs                |    8 |     0 |        16 |  50.00 |
| Bonded IOPADs               |  130 |     0 |       130 | 100.00 |
| PHY_CONTROL                 |    0 |     0 |         8 |   0.00 |
| PHASER_REF                  |    0 |     0 |         8 |   0.00 |
| OUT_FIFO                    |    0 |     0 |        32 |   0.00 |
| IN_FIFO                     |    0 |     0 |        32 |   0.00 |
| IDELAYCTRL                  |    1 |     0 |         8 |  12.50 |
| IBUFDS                      |    7 |     0 |       240 |   2.92 |
| GTXE2_COMMON                |    0 |     0 |         2 |   0.00 |
| GTXE2_CHANNEL               |    4 |     0 |         8 |  50.00 |
| PHASER_OUT/PHASER_OUT_PHY   |    0 |     0 |        32 |   0.00 |
| PHASER_IN/PHASER_IN_PHY     |    0 |     0 |        32 |   0.00 |
| IDELAYE2/IDELAYE2_FINEDELAY |    7 |     0 |       400 |   1.75 |
|   IDELAYE2 only             |    7 |     0 |           |        |
| ODELAYE2/ODELAYE2_FINEDELAY |   10 |     0 |       150 |   6.67 |
|   ODELAYE2 only             |   10 |     0 |           |        |
| IBUFDS_GTE2                 |    1 |     0 |         4 |  25.00 |
| ILOGIC                      |    7 |     0 |       250 |   2.80 |
|   IDDR                      |    7 |       |           |        |
| OLOGIC                      |   10 |     0 |       250 |   4.00 |
|   ODDR                      |   10 |       |           |        |
+-----------------------------+------+-------+-----------+--------+


5. Clocking
-----------

+------------+------+-------+-----------+-------+
|  Site Type | Used | Fixed | Available | Util% |
+------------+------+-------+-----------+-------+
| BUFGCTRL   |   13 |     0 |        32 | 40.63 |
| BUFIO      |    0 |     0 |        32 |  0.00 |
| MMCME2_ADV |    0 |     0 |         8 |  0.00 |
| PLLE2_ADV  |    0 |     0 |         8 |  0.00 |
| BUFMRCE    |    0 |     0 |        16 |  0.00 |
| BUFHCE     |    0 |     0 |       168 |  0.00 |
| BUFR       |    2 |     0 |        32 |  6.25 |
+------------+------+-------+-----------+-------+


6. Specific Feature
-------------------

+-------------+------+-------+-----------+-------+
|  Site Type  | Used | Fixed | Available | Util% |
+-------------+------+-------+-----------+-------+
| BSCANE2     |    0 |     0 |         4 |  0.00 |
| CAPTUREE2   |    0 |     0 |         1 |  0.00 |
| DNA_PORT    |    0 |     0 |         1 |  0.00 |
| EFUSE_USR   |    0 |     0 |         1 |  0.00 |
| FRAME_ECCE2 |    0 |     0 |         1 |  0.00 |
| ICAPE2      |    0 |     0 |         2 |  0.00 |
| PCIE_2_1    |    0 |     0 |         1 |  0.00 |
| STARTUPE2   |    0 |     0 |         1 |  0.00 |
| XADC        |    0 |     0 |         1 |  0.00 |
+-------------+------+-------+-----------+-------+


7. Primitives
-------------

+---------------+-------+----------------------+
|    Ref Name   |  Used |  Functional Category |
+---------------+-------+----------------------+
| FDRE          | 14645 |         Flop & Latch |
| FDCE          | 13301 |         Flop & Latch |
| LUT6          |  5571 |                  LUT |
| LUT2          |  5524 |                  LUT |
| LUT3          |  2845 |                  LUT |
| LUT5          |  2179 |                  LUT |
| LUT1          |  2158 |                  LUT |
| LUT4          |  2112 |                  LUT |
| CARRY4        |  1737 |           CarryLogic |
| SRL16E        |  1047 |   Distributed Memory |
| FDSE          |   586 |         Flop & Latch |
| MUXF7         |   348 |                MuxFx |
| FDPE          |   275 |         Flop & Latch |
| IBUF          |   136 |                   IO |
| BIBUF         |   130 |                   IO |
| RAMD32        |   124 |   Distributed Memory |
| OBUF          |   100 |                   IO |
| DSP48E1       |    63 |     Block Arithmetic |
| SRLC32E       |    47 |   Distributed Memory |
| MUXF8         |    42 |                MuxFx |
| RAMS32        |    40 |   Distributed Memory |
| OBUFT         |    38 |                   IO |
| OBUFDS        |    16 |                   IO |
| BUFG          |    12 |                Clock |
| ODELAYE2      |    10 |                   IO |
| ODDR          |    10 |                   IO |
| INV           |     8 |                  LUT |
| IDELAYE2      |     7 |                   IO |
| IDDR          |     7 |                   IO |
| IBUFDS        |     7 |                   IO |
| RAMB36E1      |     4 |         Block Memory |
| GTXE2_CHANNEL |     4 |                   IO |
| BUFR          |     2 |                Clock |
| PS7           |     1 | Specialized Resource |
| IDELAYCTRL    |     1 |                   IO |
| IBUFGDS       |     1 |                Clock |
| IBUFDS_GTE2   |     1 |                   IO |
| BUFGCTRL      |     1 |                Clock |
+---------------+-------+----------------------+


8. Black Boxes
--------------

+----------+------+
| Ref Name | Used |
+----------+------+


9. Instantiated Netlists
------------------------

+----------+------+
| Ref Name | Used |
+----------+------+


